\BOOKMARK [1][-]{section.1}{Introduction}{}% 1
\BOOKMARK [1][-]{section.2}{Model Editor}{}% 2
\BOOKMARK [2][-]{subsection.2.1}{Overview}{section.2}% 3
\BOOKMARK [2][-]{subsection.2.2}{Parameters}{section.2}% 4
\BOOKMARK [3][-]{subsubsection.2.2.1}{Profile}{subsection.2.2}% 5
\BOOKMARK [3][-]{subsubsection.2.2.2}{Width}{subsection.2.2}% 6
\BOOKMARK [3][-]{subsubsection.2.2.3}{Layers}{subsection.2.2}% 7
\BOOKMARK [3][-]{subsubsection.2.2.4}{String}{subsection.2.2}% 8
\BOOKMARK [3][-]{subsubsection.2.2.5}{Masses}{subsection.2.2}% 9
\BOOKMARK [3][-]{subsubsection.2.2.6}{Damping}{subsection.2.2}% 10
\BOOKMARK [3][-]{subsubsection.2.2.7}{Dimensions}{subsection.2.2}% 11
\BOOKMARK [3][-]{subsubsection.2.2.8}{Comments}{subsection.2.2}% 12
\BOOKMARK [3][-]{subsubsection.2.2.9}{Settings}{subsection.2.2}% 13
\BOOKMARK [1][-]{section.3}{Result Viewer}{}% 14
\BOOKMARK [2][-]{subsection.3.1}{Overview}{section.3}% 15
\BOOKMARK [2][-]{subsection.3.2}{Results}{section.3}% 16
\BOOKMARK [3][-]{subsubsection.3.2.1}{Characteristics}{subsection.3.2}% 17
\BOOKMARK [3][-]{subsubsection.3.2.2}{Shape}{subsection.3.2}% 18
\BOOKMARK [3][-]{subsubsection.3.2.3}{Stress}{subsection.3.2}% 19
\BOOKMARK [3][-]{subsubsection.3.2.4}{Curvature}{subsection.3.2}% 20
\BOOKMARK [3][-]{subsubsection.3.2.5}{Energy}{subsection.3.2}% 21
\BOOKMARK [3][-]{subsubsection.3.2.6}{Other Plots}{subsection.3.2}% 22
\BOOKMARK [1][-]{section.4}{Command Line Interface}{}% 23
\BOOKMARK [1][-]{appendix.A}{Input File Structure}{}% 24
\BOOKMARK [1][-]{appendix.B}{Output File Structure}{}% 25
\BOOKMARK [1][-]{appendix.C}{Python Scripting Example}{}% 26
\BOOKMARK [1][-]{appendix.D}{A Simple Bending Test}{}% 27
