This is pdfTeX, Version 3.14159265-2.6-1.40.20 (TeX Live 2019/Debian) (preloaded format=pdflatex 2020.4.17)  17 APR 2020 02:00
entering extended mode
 restricted \write18 enabled.
 %&-line parsing enabled.
**document.tex
(./document.tex
LaTeX2e <2018-12-01>
(/usr/share/texlive/texmf-dist/tex/latex/base/report.cls
Document Class: report 2018/09/03 v1.4i Standard LaTeX document class
(/usr/share/texlive/texmf-dist/tex/latex/base/size12.clo
File: size12.clo 2018/09/03 v1.4i Standard LaTeX file (size option)
)
\c@part=\count80
\c@chapter=\count81
\c@section=\count82
\c@subsection=\count83
\c@subsubsection=\count84
\c@paragraph=\count85
\c@subparagraph=\count86
\c@figure=\count87
\c@table=\count88
\abovecaptionskip=\skip41
\belowcaptionskip=\skip42
\bibindent=\dimen102
)
(/usr/share/texlive/texmf-dist/tex/latex/parskip/parskip.sty
Package: parskip 2019-01-16 v2.0c non-zero parskip adjustments

(/usr/share/texlive/texmf-dist/tex/latex/oberdiek/kvoptions.sty
Package: kvoptions 2016/05/16 v3.12 Key value format for package options (HO)

(/usr/share/texlive/texmf-dist/tex/latex/graphics/keyval.sty
Package: keyval 2014/10/28 v1.15 key=value parser (DPC)
\KV@toks@=\toks14
)
(/usr/share/texlive/texmf-dist/tex/generic/oberdiek/ltxcmds.sty
Package: ltxcmds 2016/05/16 v1.23 LaTeX kernel commands for general use (HO)
)
(/usr/share/texlive/texmf-dist/tex/generic/oberdiek/kvsetkeys.sty
Package: kvsetkeys 2016/05/16 v1.17 Key value parser (HO)

(/usr/share/texlive/texmf-dist/tex/generic/oberdiek/infwarerr.sty
Package: infwarerr 2016/05/16 v1.4 Providing info/warning/error messages (HO)
)
(/usr/share/texlive/texmf-dist/tex/generic/oberdiek/etexcmds.sty
Package: etexcmds 2016/05/16 v1.6 Avoid name clashes with e-TeX commands (HO)

(/usr/share/texlive/texmf-dist/tex/generic/oberdiek/ifluatex.sty
Package: ifluatex 2016/05/16 v1.4 Provides the ifluatex switch (HO)
Package ifluatex Info: LuaTeX not detected.
))))
(/usr/share/texlive/texmf-dist/tex/latex/etoolbox/etoolbox.sty
Package: etoolbox 2018/08/19 v2.5f e-TeX tools for LaTeX (JAW)
\etb@tempcnta=\count89
))
(/usr/share/texlive/texmf-dist/tex/latex/geometry/geometry.sty
Package: geometry 2018/04/16 v5.8 Page Geometry

(/usr/share/texlive/texmf-dist/tex/generic/oberdiek/ifpdf.sty
Package: ifpdf 2018/09/07 v3.3 Provides the ifpdf switch
)
(/usr/share/texlive/texmf-dist/tex/generic/oberdiek/ifvtex.sty
Package: ifvtex 2016/05/16 v1.6 Detect VTeX and its facilities (HO)
Package ifvtex Info: VTeX not detected.
)
(/usr/share/texlive/texmf-dist/tex/generic/ifxetex/ifxetex.sty
Package: ifxetex 2010/09/12 v0.6 Provides ifxetex conditional
)
\Gm@cnth=\count90
\Gm@cntv=\count91
\c@Gm@tempcnt=\count92
\Gm@bindingoffset=\dimen103
\Gm@wd@mp=\dimen104
\Gm@odd@mp=\dimen105
\Gm@even@mp=\dimen106
\Gm@layoutwidth=\dimen107
\Gm@layoutheight=\dimen108
\Gm@layouthoffset=\dimen109
\Gm@layoutvoffset=\dimen110
\Gm@dimlist=\toks15
)
(/usr/share/texlive/texmf-dist/tex/latex/float/float.sty
Package: float 2001/11/08 v1.3d Float enhancements (AL)
\c@float@type=\count93
\float@exts=\toks16
\float@box=\box27
\@float@everytoks=\toks17
\@floatcapt=\box28
)
(/usr/share/texlive/texmf-dist/tex/latex/graphics/graphicx.sty
Package: graphicx 2017/06/01 v1.1a Enhanced LaTeX Graphics (DPC,SPQR)

(/usr/share/texlive/texmf-dist/tex/latex/graphics/graphics.sty
Package: graphics 2017/06/25 v1.2c Standard LaTeX Graphics (DPC,SPQR)

(/usr/share/texlive/texmf-dist/tex/latex/graphics/trig.sty
Package: trig 2016/01/03 v1.10 sin cos tan (DPC)
)
(/usr/share/texlive/texmf-dist/tex/latex/graphics-cfg/graphics.cfg
File: graphics.cfg 2016/06/04 v1.11 sample graphics configuration
)
Package graphics Info: Driver file: pdftex.def on input line 99.

(/usr/share/texlive/texmf-dist/tex/latex/graphics-def/pdftex.def
File: pdftex.def 2018/01/08 v1.0l Graphics/color driver for pdftex
))
\Gin@req@height=\dimen111
\Gin@req@width=\dimen112
)
(/usr/share/texlive/texmf-dist/tex/latex/amsmath/amsmath.sty
Package: amsmath 2018/12/01 v2.17b AMS math features
\@mathmargin=\skip43

For additional information on amsmath, use the `?' option.
(/usr/share/texlive/texmf-dist/tex/latex/amsmath/amstext.sty
Package: amstext 2000/06/29 v2.01 AMS text

(/usr/share/texlive/texmf-dist/tex/latex/amsmath/amsgen.sty
File: amsgen.sty 1999/11/30 v2.0 generic functions
\@emptytoks=\toks18
\ex@=\dimen113
))
(/usr/share/texlive/texmf-dist/tex/latex/amsmath/amsbsy.sty
Package: amsbsy 1999/11/29 v1.2d Bold Symbols
\pmbraise@=\dimen114
)
(/usr/share/texlive/texmf-dist/tex/latex/amsmath/amsopn.sty
Package: amsopn 2016/03/08 v2.02 operator names
)
\inf@bad=\count94
LaTeX Info: Redefining \frac on input line 223.
\uproot@=\count95
\leftroot@=\count96
LaTeX Info: Redefining \overline on input line 385.
\classnum@=\count97
\DOTSCASE@=\count98
LaTeX Info: Redefining \ldots on input line 482.
LaTeX Info: Redefining \dots on input line 485.
LaTeX Info: Redefining \cdots on input line 606.
\Mathstrutbox@=\box29
\strutbox@=\box30
\big@size=\dimen115
LaTeX Font Info:    Redeclaring font encoding OML on input line 729.
LaTeX Font Info:    Redeclaring font encoding OMS on input line 730.
\macc@depth=\count99
\c@MaxMatrixCols=\count100
\dotsspace@=\muskip10
\c@parentequation=\count101
\dspbrk@lvl=\count102
\tag@help=\toks19
\row@=\count103
\column@=\count104
\maxfields@=\count105
\andhelp@=\toks20
\eqnshift@=\dimen116
\alignsep@=\dimen117
\tagshift@=\dimen118
\tagwidth@=\dimen119
\totwidth@=\dimen120
\lineht@=\dimen121
\@envbody=\toks21
\multlinegap=\skip44
\multlinetaggap=\skip45
\mathdisplay@stack=\toks22
LaTeX Info: Redefining \[ on input line 2844.
LaTeX Info: Redefining \] on input line 2845.
)
(/usr/share/texlive/texmf-dist/tex/latex/amsfonts/amssymb.sty
Package: amssymb 2013/01/14 v3.01 AMS font symbols

(/usr/share/texlive/texmf-dist/tex/latex/amsfonts/amsfonts.sty
Package: amsfonts 2013/01/14 v3.01 Basic AMSFonts support
\symAMSa=\mathgroup4
\symAMSb=\mathgroup5
LaTeX Font Info:    Overwriting math alphabet `\mathfrak' in version `bold'
(Font)                  U/euf/m/n --> U/euf/b/n on input line 106.
))
(/usr/share/texlive/texmf-dist/tex/latex/units/units.sty
Package: units 1998/08/04 v0.9b Typesetting units

(/usr/share/texlive/texmf-dist/tex/latex/base/ifthen.sty
Package: ifthen 2014/09/29 v1.1c Standard LaTeX ifthen package (DPC)
)
(/usr/share/texlive/texmf-dist/tex/latex/units/nicefrac.sty
Package: nicefrac 1998/08/04 v0.9b Nice fractions
\L@UnitsRaiseDisplaystyle=\skip46
\L@UnitsRaiseTextstyle=\skip47
\L@UnitsRaiseScriptstyle=\skip48
))
(/usr/share/texlive/texmf-dist/tex/latex/relsize/relsize.sty
Package: relsize 2013/03/29 ver 4.1
)
(/usr/share/texlive/texmf-dist/tex/latex/hyperref/hyperref.sty
Package: hyperref 2018/11/30 v6.88e Hypertext links for LaTeX

(/usr/share/texlive/texmf-dist/tex/generic/oberdiek/hobsub-hyperref.sty
Package: hobsub-hyperref 2016/05/16 v1.14 Bundle oberdiek, subset hyperref (HO)


(/usr/share/texlive/texmf-dist/tex/generic/oberdiek/hobsub-generic.sty
Package: hobsub-generic 2016/05/16 v1.14 Bundle oberdiek, subset generic (HO)
Package: hobsub 2016/05/16 v1.14 Construct package bundles (HO)
Package hobsub Info: Skipping package `infwarerr' (already loaded).
Package hobsub Info: Skipping package `ltxcmds' (already loaded).
Package hobsub Info: Skipping package `ifluatex' (already loaded).
Package hobsub Info: Skipping package `ifvtex' (already loaded).
Package: intcalc 2016/05/16 v1.2 Expandable calculations with integers (HO)
Package hobsub Info: Skipping package `ifpdf' (already loaded).
Package hobsub Info: Skipping package `etexcmds' (already loaded).
Package hobsub Info: Skipping package `kvsetkeys' (already loaded).
Package: kvdefinekeys 2016/05/16 v1.4 Define keys (HO)
Package: pdftexcmds 2018/09/10 v0.29 Utility functions of pdfTeX for LuaTeX (HO
)
Package pdftexcmds Info: LuaTeX not detected.
Package pdftexcmds Info: \pdf@primitive is available.
Package pdftexcmds Info: \pdf@ifprimitive is available.
Package pdftexcmds Info: \pdfdraftmode found.
Package: pdfescape 2016/05/16 v1.14 Implements pdfTeX's escape features (HO)
Package: bigintcalc 2016/05/16 v1.4 Expandable calculations on big integers (HO
)
Package: bitset 2016/05/16 v1.2 Handle bit-vector datatype (HO)
Package: uniquecounter 2016/05/16 v1.3 Provide unlimited unique counter (HO)
)
Package hobsub Info: Skipping package `hobsub' (already loaded).
Package: letltxmacro 2016/05/16 v1.5 Let assignment for LaTeX macros (HO)
Package: hopatch 2016/05/16 v1.3 Wrapper for package hooks (HO)
Package: xcolor-patch 2016/05/16 xcolor patch
Package: atveryend 2016/05/16 v1.9 Hooks at the very end of document (HO)
Package: atbegshi 2016/06/09 v1.18 At begin shipout hook (HO)
Package: refcount 2016/05/16 v3.5 Data extraction from label references (HO)
Package: hycolor 2016/05/16 v1.8 Color options for hyperref/bookmark (HO)
)
(/usr/share/texlive/texmf-dist/tex/latex/oberdiek/auxhook.sty
Package: auxhook 2016/05/16 v1.4 Hooks for auxiliary files (HO)
)
\@linkdim=\dimen122
\Hy@linkcounter=\count106
\Hy@pagecounter=\count107

(/usr/share/texlive/texmf-dist/tex/latex/hyperref/pd1enc.def
File: pd1enc.def 2018/11/30 v6.88e Hyperref: PDFDocEncoding definition (HO)
Now handling font encoding PD1 ...
... no UTF-8 mapping file for font encoding PD1
)
\Hy@SavedSpaceFactor=\count108

(/usr/share/texlive/texmf-dist/tex/latex/latexconfig/hyperref.cfg
File: hyperref.cfg 2002/06/06 v1.2 hyperref configuration of TeXLive
)
Package hyperref Info: Option `pdfusetitle' set `true' on input line 4393.
Package hyperref Info: Hyper figures OFF on input line 4519.
Package hyperref Info: Link nesting OFF on input line 4524.
Package hyperref Info: Hyper index ON on input line 4527.
Package hyperref Info: Plain pages OFF on input line 4534.
Package hyperref Info: Backreferencing OFF on input line 4539.
Package hyperref Info: Implicit mode ON; LaTeX internals redefined.
Package hyperref Info: Bookmarks ON on input line 4772.
\c@Hy@tempcnt=\count109

(/usr/share/texlive/texmf-dist/tex/latex/url/url.sty
\Urlmuskip=\muskip11
Package: url 2013/09/16  ver 3.4  Verb mode for urls, etc.
)
LaTeX Info: Redefining \url on input line 5125.
\XeTeXLinkMargin=\dimen123
\Fld@menulength=\count110
\Field@Width=\dimen124
\Fld@charsize=\dimen125
Package hyperref Info: Hyper figures OFF on input line 6380.
Package hyperref Info: Link nesting OFF on input line 6385.
Package hyperref Info: Hyper index ON on input line 6388.
Package hyperref Info: backreferencing OFF on input line 6395.
Package hyperref Info: Link coloring OFF on input line 6400.
Package hyperref Info: Link coloring with OCG OFF on input line 6405.
Package hyperref Info: PDF/A mode OFF on input line 6410.
LaTeX Info: Redefining \ref on input line 6450.
LaTeX Info: Redefining \pageref on input line 6454.
\Hy@abspage=\count111
\c@Item=\count112
\c@Hfootnote=\count113
)
Package hyperref Info: Driver (autodetected): hpdftex.

(/usr/share/texlive/texmf-dist/tex/latex/hyperref/hpdftex.def
File: hpdftex.def 2018/11/30 v6.88e Hyperref driver for pdfTeX
\Fld@listcount=\count114
\c@bookmark@seq@number=\count115

(/usr/share/texlive/texmf-dist/tex/latex/oberdiek/rerunfilecheck.sty
Package: rerunfilecheck 2016/05/16 v1.8 Rerun checks for auxiliary files (HO)
Package uniquecounter Info: New unique counter `rerunfilecheck' on input line 2
82.
)
\Hy@SectionHShift=\skip49
)
(/usr/share/texlive/texmf-dist/tex/latex/graphics/color.sty
Package: color 2016/07/10 v1.1e Standard LaTeX Color (DPC)

(/usr/share/texlive/texmf-dist/tex/latex/graphics-cfg/color.cfg
File: color.cfg 2016/01/02 v1.6 sample color configuration
)
Package color Info: Driver file: pdftex.def on input line 147.
)
(./document.aux

LaTeX Warning: Label `fig:solution:dynamic_progress' multiply defined.

)
\openout1 = `document.aux'.

LaTeX Font Info:    Checking defaults for OML/cmm/m/it on input line 27.
LaTeX Font Info:    ... okay on input line 27.
LaTeX Font Info:    Checking defaults for T1/cmr/m/n on input line 27.
LaTeX Font Info:    ... okay on input line 27.
LaTeX Font Info:    Checking defaults for OT1/cmr/m/n on input line 27.
LaTeX Font Info:    ... okay on input line 27.
LaTeX Font Info:    Checking defaults for OMS/cmsy/m/n on input line 27.
LaTeX Font Info:    ... okay on input line 27.
LaTeX Font Info:    Checking defaults for OMX/cmex/m/n on input line 27.
LaTeX Font Info:    ... okay on input line 27.
LaTeX Font Info:    Checking defaults for U/cmr/m/n on input line 27.
LaTeX Font Info:    ... okay on input line 27.
LaTeX Font Info:    Checking defaults for PD1/pdf/m/n on input line 27.
LaTeX Font Info:    ... okay on input line 27.

*geometry* driver: auto-detecting
*geometry* detected driver: pdftex
*geometry* verbose mode - [ preamble ] result:
* driver: pdftex
* paper: <default>
* layout: <same size as paper>
* layoutoffset:(h,v)=(0.0pt,0.0pt)
* modes: 
* h-part:(L,W,R)=(90.3375pt, 433.62001pt, 90.3375pt)
* v-part:(T,H,B)=(72.26999pt, 632.3625pt, 90.3375pt)
* \paperwidth=614.295pt
* \paperheight=794.96999pt
* \textwidth=433.62001pt
* \textheight=632.3625pt
* \oddsidemargin=18.0675pt
* \evensidemargin=18.0675pt
* \topmargin=-37.0pt
* \headheight=12.0pt
* \headsep=25.0pt
* \topskip=12.0pt
* \footskip=30.0pt
* \marginparwidth=44.0pt
* \marginparsep=10.0pt
* \columnsep=10.0pt
* \skip\footins=10.8pt plus 4.0pt minus 2.0pt
* \hoffset=0.0pt
* \voffset=0.0pt
* \mag=1000
* \@twocolumnfalse
* \@twosidefalse
* \@mparswitchfalse
* \@reversemarginfalse
* (1in=72.27pt=25.4mm, 1cm=28.453pt)

(/usr/share/texlive/texmf-dist/tex/context/base/mkii/supp-pdf.mkii
[Loading MPS to PDF converter (version 2006.09.02).]
\scratchcounter=\count116
\scratchdimen=\dimen126
\scratchbox=\box31
\nofMPsegments=\count117
\nofMParguments=\count118
\everyMPshowfont=\toks23
\MPscratchCnt=\count119
\MPscratchDim=\dimen127
\MPnumerator=\count120
\makeMPintoPDFobject=\count121
\everyMPtoPDFconversion=\toks24
) (/usr/share/texlive/texmf-dist/tex/latex/oberdiek/epstopdf-base.sty
Package: epstopdf-base 2016/05/15 v2.6 Base part for package epstopdf

(/usr/share/texlive/texmf-dist/tex/latex/oberdiek/grfext.sty
Package: grfext 2016/05/16 v1.2 Manage graphics extensions (HO)
)
Package epstopdf-base Info: Redefining graphics rule for `.eps' on input line 4
38.
Package grfext Info: Graphics extension search list:
(grfext)             [.pdf,.png,.jpg,.mps,.jpeg,.jbig2,.jb2,.PDF,.PNG,.JPG,.JPE
G,.JBIG2,.JB2,.eps]
(grfext)             \AppendGraphicsExtensions on input line 456.

(/usr/share/texlive/texmf-dist/tex/latex/latexconfig/epstopdf-sys.cfg
File: epstopdf-sys.cfg 2010/07/13 v1.3 Configuration of (r)epstopdf for TeX Liv
e
))
\AtBeginShipoutBox=\box32
Package hyperref Info: Link coloring OFF on input line 27.

(/usr/share/texlive/texmf-dist/tex/latex/hyperref/nameref.sty
Package: nameref 2016/05/21 v2.44 Cross-referencing by name of section

(/usr/share/texlive/texmf-dist/tex/generic/oberdiek/gettitlestring.sty
Package: gettitlestring 2016/05/16 v1.5 Cleanup title references (HO)
)
\c@section@level=\count122
)
LaTeX Info: Redefining \ref on input line 27.
LaTeX Info: Redefining \pageref on input line 27.
LaTeX Info: Redefining \nameref on input line 27.

(./document.out) (./document.out)
\@outlinefile=\write3
\openout3 = `document.out'.

 (./latex/titlepage.tex
<figures/logo.pdf, id=132, 189.33893pt x 189.10689pt>
File: figures/logo.pdf Graphic file (type pdf)
<use figures/logo.pdf>
Package pdftex.def Info: figures/logo.pdf  used on input line 8.
(pdftex.def)             Requested size: 86.72267pt x 86.6151pt.
 [1

{/var/lib/texmf/fonts/map/pdftex/updmap/pdftex.map} <./figures/logo.pdf>]) (./d
ocument.toc
LaTeX Font Info:    Try loading font information for U+msa on input line 3.

(/usr/share/texlive/texmf-dist/tex/latex/amsfonts/umsa.fd
File: umsa.fd 2013/01/14 v3.01 AMS symbols A
)
LaTeX Font Info:    Try loading font information for U+msb on input line 3.

(/usr/share/texlive/texmf-dist/tex/latex/amsfonts/umsb.fd
File: umsb.fd 2013/01/14 v3.01 AMS symbols B
)pdfTeX warning (ext4): destination with the same identifier (name{page.1}) has
 been already used, duplicate ignored
<to be read again> 
                   \relax 
l.31 ...erline {5}Model Validation}{46}{chapter.5}
                                                  % [1

])
\tf@toc=\write4
\openout4 = `document.toc'.


(./latex/introduction.tex [2]
Chapter 1.
) (./latex/model.tex [3

]
Chapter 2.
[4

]

LaTeX Font Warning: Font shape `OT1/cmss/m/it' in size <12> not available
(Font)              Font shape `OT1/cmss/m/sl' tried instead on input line 41.

<figures/model/hickman.png, id=198, 330.033pt x 471.56175pt>
File: figures/model/hickman.png Graphic file (type png)
<use figures/model/hickman.png>
Package pdftex.def Info: figures/model/hickman.png  used on input line 47.
(pdftex.def)             Requested size: 173.44534pt x 247.81827pt.

LaTeX Warning: `h' float specifier changed to `ht'.

[5]
<figures/model/kooi.png, id=212, 1003.95074pt x 407.72325pt>
File: figures/model/kooi.png Graphic file (type png)
<use figures/model/kooi.png>
Package pdftex.def Info: figures/model/kooi.png  used on input line 74.
(pdftex.def)             Requested size: 346.89732pt x 140.88242pt.


LaTeX Warning: `h' float specifier changed to `ht'.

[6 <./figures/model/hickman.png>] [7 <./figures/model/kooi.png>]
<figures/model/bow-simulator.pdf, id=234, 683.41737pt x 600.50648pt>
File: figures/model/bow-simulator.pdf Graphic file (type pdf)
<use figures/model/bow-simulator.pdf>
Package pdftex.def Info: figures/model/bow-simulator.pdf  used on input line 93
.
(pdftex.def)             Requested size: 346.89732pt x 304.81566pt.
 [8 <./figures/model/bow-simulator.pdf>]
LaTeX Font Info:    Try loading font information for OMS+cmss on input line 109
.
LaTeX Font Info:    No file OMScmss.fd. on input line 109.


LaTeX Font Warning: Font shape `OMS/cmss/m/n' undefined
(Font)              using `OMS/cmsy/m/n' instead
(Font)              for symbol `textbullet' on input line 109.

) (./latex/equations.tex [9]
Chapter 3.
[10

] [11]
<figures/elements/mass-element.pdf, id=283, 638.19208pt x 450.28232pt>
File: figures/elements/mass-element.pdf Graphic file (type pdf)
<use figures/elements/mass-element.pdf>
Package pdftex.def Info: figures/elements/mass-element.pdf  used on input line 
68.
(pdftex.def)             Requested size: 173.44534pt x 122.37485pt.
 [12 <./figures/elements/mass-element.pdf>]
<figures/elements/bar-element-1.pdf, id=297, 1161.44363pt x 238.23572pt>
File: figures/elements/bar-element-1.pdf Graphic file (type pdf)
<use figures/elements/bar-element-1.pdf>
Package pdftex.def Info: figures/elements/bar-element-1.pdf  used on input line
 122.
(pdftex.def)             Requested size: 325.215pt x 66.70554pt.
<figures/elements/bar-element-2.pdf, id=299, 913.1003pt x 582.00371pt>
File: figures/elements/bar-element-2.pdf Graphic file (type pdf)
<use figures/elements/bar-element-2.pdf>
Package pdftex.def Info: figures/elements/bar-element-2.pdf  used on input line
 145.
(pdftex.def)             Requested size: 260.17465pt x 165.82837pt.


LaTeX Warning: `h' float specifier changed to `ht'.

[13 <./figures/elements/bar-element-1.pdf>]
Overfull \hbox (7.8904pt too wide) detected at line 251
[] [] [] \OT1/cmr/m/n/12 + [] = [] \OML/cmm/m/it/12 :
 []

[14 <./figures/elements/bar-element-2.pdf>] [15]
<figures/elements/beam-linear.pdf, id=337, 928.93889pt x 465.55254pt>
File: figures/elements/beam-linear.pdf Graphic file (type pdf)
<use figures/elements/beam-linear.pdf>
Package pdftex.def Info: figures/elements/beam-linear.pdf  used on input line 3
04.
(pdftex.def)             Requested size: 303.53267pt x 152.1197pt.
 [16 <./figures/elements/beam-linear.pdf>] [17] [18]
<figures/elements/composite-sections-1.pdf, id=378, 1278.4381pt x 434.02557pt>
File: figures/elements/composite-sections-1.pdf Graphic file (type pdf)
<use figures/elements/composite-sections-1.pdf>
Package pdftex.def Info: figures/elements/composite-sections-1.pdf  used on inp
ut line 490.
(pdftex.def)             Requested size: 390.25536pt x 132.48688pt.
 [19 <./figures/elements/composite-sections-1.pdf>]
[20] [21]
<figures/elements/beam-element-1.pdf, id=408, 605.75093pt x 391.9938pt>
File: figures/elements/beam-element-1.pdf Graphic file (type pdf)
<use figures/elements/beam-element-1.pdf>
Package pdftex.def Info: figures/elements/beam-element-1.pdf  used on input lin
e 588.
(pdftex.def)             Requested size: 260.17465pt x 168.36862pt.
<figures/elements/beam-element-2.pdf, id=411, 667.3295pt x 511.60358pt>
File: figures/elements/beam-element-2.pdf Graphic file (type pdf)
<use figures/elements/beam-element-2.pdf>
Package pdftex.def Info: figures/elements/beam-element-2.pdf  used on input lin
e 599.
(pdftex.def)             Requested size: 260.17465pt x 199.46214pt.
 [22 <./figures/elements/beam-element-1.pdf>] [23 <./figures/elements/beam-elem
ent-2.pdf>] [24] [25] [26]
<figures/elements/beam-linear-1.jpg, id=467, 722.7pt x 412.54124pt>
File: figures/elements/beam-linear-1.jpg Graphic file (type jpg)
<use figures/elements/beam-linear-1.jpg>
Package pdftex.def Info: figures/elements/beam-linear-1.jpg  used on input line
 749.
(pdftex.def)             Requested size: 216.81pt x 123.76332pt.
<figures/elements/beam-linear-2.jpg, id=468, 722.7pt x 542.025pt>
File: figures/elements/beam-linear-2.jpg Graphic file (type jpg)
<use figures/elements/beam-linear-2.jpg>
Package pdftex.def Info: figures/elements/beam-linear-2.jpg  used on input line
 790.
(pdftex.def)             Requested size: 216.81pt x 162.60875pt.


LaTeX Warning: `h' float specifier changed to `ht'.

[27 <./figures/elements/beam-linear-1.jpg>] [28 <./figures/elements/beam-linear
-2.jpg>] [29]
<figures/elements/contact_element_0.jpg, id=504, 481.8pt x 505.89pt>
File: figures/elements/contact_element_0.jpg Graphic file (type jpg)
<use figures/elements/contact_element_0.jpg>
Package pdftex.def Info: figures/elements/contact_element_0.jpg  used on input 
line 962.
(pdftex.def)             Requested size: 216.81pt x 227.64839pt.
 [30 <./figures/elements/contact_element_0.jpg>] [31]
Overfull \hbox (34.13573pt too wide) detected at line 1074
[]
 []

[32]) (./latex/solution.tex [33]
Chapter 4.
[34

]

LaTeX Warning: Citation `fem_script_uni_bochum' on page 35 undefined on input l
ine 64.

[35] [36]
Underfull \hbox (badness 10000) in paragraph at lines 145--146

 []

[37] [38] [39] [40] [41]
<figures/solution/dynamic_progress.pdf, id=614, 314.35591pt x 158.99738pt>
File: figures/solution/dynamic_progress.pdf Graphic file (type pdf)
<use figures/solution/dynamic_progress.pdf>
Package pdftex.def Info: figures/solution/dynamic_progress.pdf  used on input l
ine 319.
(pdftex.def)             Requested size: 346.89732pt x 175.4605pt.


LaTeX Warning: `h' float specifier changed to `ht'.

[42] [43 <./figures/solution/dynamic_progress.pdf>]
<figures/setup/line-distance.jpg, id=638, 602.25pt x 314.3745pt>
File: figures/setup/line-distance.jpg Graphic file (type jpg)
<use figures/setup/line-distance.jpg>
Package pdftex.def Info: figures/setup/line-distance.jpg  used on input line 36
7.
(pdftex.def)             Requested size: 346.89732pt x 181.08531pt.
 [44 <./figures/setup/line-distance.jpg>]) (./latex/validation.tex [45]
Chapter 5.
<figures/validation/setup.png, id=649, 301.125pt x 272.81924pt>
File: figures/validation/setup.png Graphic file (type png)
<use figures/validation/setup.png>
Package pdftex.def Info: figures/validation/setup.png  used on input line 15.
(pdftex.def)             Requested size: 216.81pt x 196.43802pt.
[46

]
<figures/validation/draw_curve.png, id=659, 598.03426pt x 481.19775pt>
File: figures/validation/draw_curve.png Graphic file (type png)
<use figures/validation/draw_curve.png>
Package pdftex.def Info: figures/validation/draw_curve.png  used on input line 
28.
(pdftex.def)             Requested size: 368.57965pt x 296.56999pt.
 [47 <./figures/validation/setup.png>]
<figures/validation/states_blended.png, id=667, 301.125pt x 276.43275pt>
File: figures/validation/states_blended.png Graphic file (type png)
<use figures/validation/states_blended.png>
Package pdftex.def Info: figures/validation/states_blended.png  used on input l
ine 35.
(pdftex.def)             Requested size: 281.85036pt x 258.76279pt.
 [48 <./figures/validation/draw_curve.png> <./figures/validation/states_blended
.png>]) (./latex/appendix.tex
[49]
Appendix A.
<figures/appendix/viscoelastic-bar.png, id=680, 685.3605pt x 284.262pt>
File: figures/appendix/viscoelastic-bar.png Graphic file (type png)
<use figures/appendix/viscoelastic-bar.png>
Package pdftex.def Info: figures/appendix/viscoelastic-bar.png  used on input l
ine 8.
(pdftex.def)             Requested size: 216.81pt x 89.9247pt.
[50

 <./figures/appendix/viscoelastic-bar.png>] [51]) (./latex/bibliography.tex
[52]
Underfull \hbox (badness 10000) in paragraph at lines 14--15

 []


Underfull \hbox (badness 1142) in paragraph at lines 30--31
[]\OT1/cmss/m/n/12 Louie L. Yaw: \OT1/cmss/m/sl/12 2D Coro-ta-tional Beam For-m
u-la-tion. \OT1/cmss/m/n/12 Walla Walla Uni-ver-sity,
 []


Underfull \hbox (badness 10000) in paragraph at lines 30--31
\OT1/cmss/m/n/12 30.11.2009. ([]$\OT1/cmtt/m/n/12 http : / / people . wallawall
a . edu / []louie . yaw / Co-[]rotational _
 []

[53

]
Underfull \hbox (badness 4686) in paragraph at lines 40--41
[]\OT1/cmss/m/n/12 Wikipedia: \OT1/cmss/m/sl/12 En-gi-neer-ing sand-wich beam t
he-ory. \OT1/cmss/m/n/12 ([]$\OT1/cmtt/m/n/12 https : / / en . wikipedia .
 []


Underfull \hbox (badness 10000) in paragraph at lines 42--43
[]\OT1/cmss/m/n/12 Wikipedia: \OT1/cmss/m/sl/12 La-grangian me-chan-ics. \OT1/c
mss/m/n/12 ([]$\OT1/cmtt/m/n/12 https : / / en . wikipedia . org / wiki /
 []

)
Package atveryend Info: Empty hook `BeforeClearDocument' on input line 44.
 [54]
Package atveryend Info: Empty hook `AfterLastShipout' on input line 44.
 (./document.aux)
Package atveryend Info: Executing hook `AtVeryEndDocument' on input line 44.
Package atveryend Info: Executing hook `AtEndAfterFileList' on input line 44.
Package rerunfilecheck Info: File `document.out' has not changed.
(rerunfilecheck)             Checksum: 06EFA6423E2B022F8681D3599925051B;2257.


LaTeX Font Warning: Some font shapes were not available, defaults substituted.


LaTeX Warning: There were undefined references.


LaTeX Warning: There were multiply-defined labels.

 ) 
Here is how much of TeX's memory you used:
 7473 strings out of 494510
 109250 string characters out of 6176236
 221399 words of memory out of 5000000
 10733 multiletter control sequences out of 15000+600000
 18128 words of font info for 68 fonts, out of 8000000 for 9000
 36 hyphenation exceptions out of 8191
 37i,27n,28p,1013b,417s stack positions out of 5000i,500n,10000p,200000b,80000s
</usr/share/texlive/texmf-dist/fonts/type1/public/amsfonts/cmextra/cmbsy8.pfb
></usr/share/texlive/texmf-dist/fonts/type1/public/amsfonts/cm/cmbx12.pfb></usr
/share/texlive/texmf-dist/fonts/type1/public/amsfonts/cm/cmbx8.pfb></usr/share/
texlive/texmf-dist/fonts/type1/public/amsfonts/cm/cmex10.pfb></usr/share/texliv
e/texmf-dist/fonts/type1/public/amsfonts/cm/cmmi12.pfb></usr/share/texlive/texm
f-dist/fonts/type1/public/amsfonts/cm/cmmi6.pfb></usr/share/texlive/texmf-dist/
fonts/type1/public/amsfonts/cm/cmmi8.pfb></usr/share/texlive/texmf-dist/fonts/t
ype1/public/amsfonts/cm/cmmib10.pfb></usr/share/texlive/texmf-dist/fonts/type1/
public/amsfonts/cmextra/cmmib6.pfb></usr/share/texlive/texmf-dist/fonts/type1/p
ublic/amsfonts/cmextra/cmmib8.pfb></usr/share/texlive/texmf-dist/fonts/type1/pu
blic/amsfonts/cm/cmr12.pfb></usr/share/texlive/texmf-dist/fonts/type1/public/am
sfonts/cm/cmr6.pfb></usr/share/texlive/texmf-dist/fonts/type1/public/amsfonts/c
m/cmr8.pfb></usr/share/texlive/texmf-dist/fonts/type1/public/amsfonts/cm/cmss12
.pfb></usr/share/texlive/texmf-dist/fonts/type1/public/amsfonts/cm/cmss8.pfb></
usr/share/texlive/texmf-dist/fonts/type1/public/amsfonts/cm/cmssbx10.pfb></usr/
share/texlive/texmf-dist/fonts/type1/public/amsfonts/cm/cmssi12.pfb></usr/share
/texlive/texmf-dist/fonts/type1/public/amsfonts/cm/cmsy10.pfb></usr/share/texli
ve/texmf-dist/fonts/type1/public/amsfonts/cm/cmsy6.pfb></usr/share/texlive/texm
f-dist/fonts/type1/public/amsfonts/cm/cmsy8.pfb></usr/share/texlive/texmf-dist/
fonts/type1/public/amsfonts/cm/cmtt12.pfb></usr/share/texlive/texmf-dist/fonts/
type1/public/amsfonts/symbols/msbm10.pfb>
Output written on document.pdf (55 pages, 1583827 bytes).
PDF statistics:
 867 PDF objects out of 1000 (max. 8388607)
 753 compressed objects within 8 object streams
 252 named destinations out of 1000 (max. 500000)
 357 words of extra memory for PDF output out of 10000 (max. 10000000)

