\BOOKMARK [0][-]{chapter.1}{Introduction}{}% 1
\BOOKMARK [0][-]{chapter.2}{The Bow Model}{}% 2
\BOOKMARK [1][-]{section.2.1}{Scope of the Model}{chapter.2}% 3
\BOOKMARK [1][-]{section.2.2}{Literature Review}{chapter.2}% 4
\BOOKMARK [1][-]{section.2.3}{Model Definition}{chapter.2}% 5
\BOOKMARK [0][-]{chapter.3}{Equations of Motion}{}% 6
\BOOKMARK [1][-]{section.3.1}{Mass Element}{chapter.3}% 7
\BOOKMARK [1][-]{section.3.2}{Bar Element}{chapter.3}% 8
\BOOKMARK [1][-]{section.3.3}{Beam Element}{chapter.3}% 9
\BOOKMARK [2][-]{subsection.3.3.1}{Linear Euler-Bernoulli Beam}{section.3.3}% 10
\BOOKMARK [2][-]{subsection.3.3.2}{Laminated Cross Sections}{section.3.3}% 11
\BOOKMARK [2][-]{subsection.3.3.3}{Floating Frame of Reference}{section.3.3}% 12
\BOOKMARK [2][-]{subsection.3.3.4}{Stiffness Matrix of a Beam Segment}{section.3.3}% 13
\BOOKMARK [1][-]{section.3.4}{Contact element}{chapter.3}% 14
\BOOKMARK [2][-]{subsection.3.4.1}{Contact Detection}{section.3.4}% 15
\BOOKMARK [2][-]{subsection.3.4.2}{Contact Forces}{section.3.4}% 16
\BOOKMARK [2][-]{subsection.3.4.3}{Broadphase Algorithm}{section.3.4}% 17
\BOOKMARK [0][-]{chapter.4}{Solving the Equations of Motion}{}% 18
\BOOKMARK [1][-]{section.4.1}{Static Solution}{chapter.4}% 19
\BOOKMARK [2][-]{subsection.4.1.1}{The Basic Newton-Raphson Method}{section.4.1}% 20
\BOOKMARK [2][-]{subsection.4.1.2}{Constrained Newton-Raphson method}{section.4.1}% 21
\BOOKMARK [2][-]{subsection.4.1.3}{Constraints for load- and displacement control}{section.4.1}% 22
\BOOKMARK [2][-]{subsection.4.1.4}{Line search}{section.4.1}% 23
\BOOKMARK [2][-]{subsection.4.1.5}{Finding the Braced Equilibrium State}{section.4.1}% 24
\BOOKMARK [1][-]{section.4.2}{Dynamic Solution}{chapter.4}% 25
\BOOKMARK [2][-]{subsection.4.2.1}{The Central Difference Method}{section.4.2}% 26
\BOOKMARK [2][-]{subsection.4.2.2}{Stopping Criterion and Progress Estimation}{section.4.2}% 27
\BOOKMARK [1][-]{section.4.3}{Model setup}{chapter.4}% 28
\BOOKMARK [2][-]{subsection.4.3.1}{Finding the damping parameters}{section.4.3}% 29
\BOOKMARK [2][-]{subsection.4.3.2}{Distributing string elements}{section.4.3}% 30
\BOOKMARK [0][-]{chapter.5}{Model Validation}{}% 31
\BOOKMARK [0][-]{appendix.A}{Vibrations of a viscoelastic bar}{}% 32
